{
  "stats": {
    "suites": 1,
    "tests": 1,
    "passes": 0,
    "pending": 0,
    "failures": 1,
    "start": "2025-01-07T09:54:55.224Z",
    "end": "2025-01-07T09:54:57.408Z",
    "duration": 2184,
    "testsRegistered": 1,
    "passPercent": 0,
    "pendingPercent": 0,
    "other": 0,
    "hasOther": false,
    "skipped": 0,
    "hasSkipped": false
  },
  "results": [
    {
      "uuid": "fbb1e547-bfd6-4c56-a43a-1c5732da1eb4",
      "title": "",
      "fullFile": "cypress\\e2e\\activity.cy.js",
      "file": "cypress\\e2e\\activity.cy.js",
      "beforeHooks": [],
      "afterHooks": [],
      "tests": [],
      "suites": [
        {
          "uuid": "2de158ed-14a0-4367-b33a-3f1316de2d87",
          "title": "report to check activity page",
          "fullFile": "",
          "file": "",
          "beforeHooks": [],
          "afterHooks": [],
          "tests": [
            {
              "title": "should generate report to check activity page",
              "fullTitle": "report to check activity page should generate report to check activity page",
              "timedOut": null,
              "duration": 842,
              "state": "failed",
              "speed": null,
              "pass": false,
              "fail": true,
              "pending": false,
              "context": null,
              "code": "Cypress.on('uncaught:exception', (err, runnable) => {\n  return false;\n});\ncy.visit('http://localhost:3000/');\nconst client = getClientCredentials();\ncy.get('select').select(client.name);\ncy.get('button').contains('Login').click();\ncy.get('input[placeholder=\"User ID\"]').type(client.username);\ncy.get('input[placeholder=\"Password\"]').type(client.password);\ncy.get('button').contains('Secure Login').click();\ncy.wait(2000);\ncy.get('button').contains('Activity').click();\ncy.wait(2000);\ncy.lighthouse(thresholds, lighthouseOptions, lighthouseConfig);",
              "err": {
                "message": "CypressError: `cy.visit()` failed trying to load:\n\nhttp://localhost:3000/\n\nWe attempted to make an http request to this URL but the request failed without a response.\n\nWe received this error at the network level:\n\n  > Error: connect ECONNREFUSED 127.0.0.1:3000\n\nCommon situations why this would fail:\n  - you don't have internet access\n  - you forgot to run / boot your web server\n  - your web server isn't accessible\n  - you have weird network configuration settings on your computer",
                "estack": "CypressError: `cy.visit()` failed trying to load:\n\nhttp://localhost:3000/\n\nWe attempted to make an http request to this URL but the request failed without a response.\n\nWe received this error at the network level:\n\n  > Error: connect ECONNREFUSED 127.0.0.1:3000\n\nCommon situations why this would fail:\n  - you don't have internet access\n  - you forgot to run / boot your web server\n  - your web server isn't accessible\n  - you have weird network configuration settings on your computer\n    at <unknown> (http://localhost:58281/__cypress/runner/cypress_runner.js:131650:74)\n    at visitFailedByErr (http://localhost:58281/__cypress/runner/cypress_runner.js:131049:12)\n    at <unknown> (http://localhost:58281/__cypress/runner/cypress_runner.js:131649:11)\n    at tryCatcher (http://localhost:58281/__cypress/runner/cypress_runner.js:1807:23)\n    at Promise._settlePromiseFromHandler (http://localhost:58281/__cypress/runner/cypress_runner.js:1519:31)\n    at Promise._settlePromise (http://localhost:58281/__cypress/runner/cypress_runner.js:1576:18)\n    at Promise._settlePromise0 (http://localhost:58281/__cypress/runner/cypress_runner.js:1621:10)\n    at Promise._settlePromises (http://localhost:58281/__cypress/runner/cypress_runner.js:1697:18)\n    at _drainQueueStep (http://localhost:58281/__cypress/runner/cypress_runner.js:2407:12)\n    at _drainQueue (http://localhost:58281/__cypress/runner/cypress_runner.js:2400:9)\n    at Async._drainQueues (http://localhost:58281/__cypress/runner/cypress_runner.js:2416:5)\n    at Async.drainQueues (http://localhost:58281/__cypress/runner/cypress_runner.js:2286:14)\nFrom Your Spec Code:\n    at Context.eval (webpack://vista/./cypress/e2e/activity.cy.js:33:9)\n\nFrom Node.js Internals:\n  Error: connect ECONNREFUSED 127.0.0.1:3000\n      at TCPConnectWrap.afterConnect [as oncomplete] (node:net:1495:16)",
                "diff": null
              },
              "uuid": "d8374339-1d17-47c3-8a29-7cb8c046123f",
              "parentUUID": "2de158ed-14a0-4367-b33a-3f1316de2d87",
              "isHook": false,
              "skipped": false
            }
          ],
          "suites": [],
          "passes": [],
          "failures": [
            "d8374339-1d17-47c3-8a29-7cb8c046123f"
          ],
          "pending": [],
          "skipped": [],
          "duration": 842,
          "root": false,
          "rootEmpty": false,
          "_timeout": 2000
        }
      ],
      "passes": [],
      "failures": [],
      "pending": [],
      "skipped": [],
      "duration": 0,
      "root": true,
      "rootEmpty": true,
      "_timeout": 2000
    }
  ],
  "meta": {
    "mocha": {
      "version": "7.0.1"
    },
    "mochawesome": {
      "options": {
        "quiet": false,
        "reportFilename": "mochawesome",
        "saveHtml": false,
        "saveJson": true,
        "consoleReporter": "spec",
        "useInlineDiffs": false,
        "code": true
      },
      "version": "7.1.3"
    },
    "marge": {
      "options": {
        "id": "default",
        "cypressParallel": "true",
        "overwrite": false,
        "html": false,
        "json": true,
        "reportDir": "cypress\\reports\\html\\.jsons"
      },
      "version": "6.2.0"
    }
  }
}