{
  "stats": {
    "suites": 1,
    "tests": 1,
    "passes": 1,
    "pending": 0,
    "failures": 0,
    "start": "2025-01-07T09:56:27.787Z",
    "end": "2025-01-07T09:56:37.068Z",
    "duration": 9281,
    "testsRegistered": 1,
    "passPercent": 100,
    "pendingPercent": 0,
    "other": 0,
    "hasOther": false,
    "skipped": 0,
    "hasSkipped": false
  },
  "results": [
    {
      "uuid": "e5cf1759-070c-4684-80a9-d576738a8021",
      "title": "",
      "fullFile": "cypress\\e2e\\vista.cy.js",
      "file": "cypress\\e2e\\vista.cy.js",
      "beforeHooks": [],
      "afterHooks": [],
      "tests": [],
      "suites": [
        {
          "uuid": "477adc4f-99b9-4546-aa65-947dccdbb8a9",
          "title": "report to check vista dashboard",
          "fullFile": "",
          "file": "",
          "beforeHooks": [],
          "afterHooks": [],
          "tests": [
            {
              "title": "should generate report to check vista dashboard",
              "fullTitle": "report to check vista dashboard should generate report to check vista dashboard",
              "timedOut": null,
              "duration": 6013,
              "state": "passed",
              "speed": "medium",
              "pass": true,
              "fail": false,
              "pending": false,
              "context": null,
              "code": "Cypress.on('uncaught:exception', (err, runnable) => {\n  return false;\n});\ncy.visit('http://localhost:3000/');\nconst client = getClientCredentials();\ncy.get('select').select(client.name);\ncy.get('button').contains('Login').click();\ncy.get('input[placeholder=\"User ID\"]').type(client.username);\ncy.get('input[placeholder=\"Password\"]').type(client.password);\ncy.get('button').contains('Secure Login').click();\ncy.wait(2000);\ncy.lighthouse(thresholds, lighthouseOptions, lighthouseConfig); // This should work now",
              "err": {},
              "uuid": "80148871-912e-462f-aff5-94bbafb0e6ed",
              "parentUUID": "477adc4f-99b9-4546-aa65-947dccdbb8a9",
              "isHook": false,
              "skipped": false
            }
          ],
          "suites": [],
          "passes": [
            "80148871-912e-462f-aff5-94bbafb0e6ed"
          ],
          "failures": [],
          "pending": [],
          "skipped": [],
          "duration": 6013,
          "root": false,
          "rootEmpty": false,
          "_timeout": 2000
        }
      ],
      "passes": [],
      "failures": [],
      "pending": [],
      "skipped": [],
      "duration": 0,
      "root": true,
      "rootEmpty": true,
      "_timeout": 2000
    }
  ],
  "meta": {
    "mocha": {
      "version": "7.0.1"
    },
    "mochawesome": {
      "options": {
        "quiet": false,
        "reportFilename": "mochawesome",
        "saveHtml": false,
        "saveJson": true,
        "consoleReporter": "spec",
        "useInlineDiffs": false,
        "code": true
      },
      "version": "7.1.3"
    },
    "marge": {
      "options": {
        "id": "default",
        "cypressParallel": "true",
        "overwrite": false,
        "html": false,
        "json": true,
        "reportDir": "cypress\\reports\\html\\.jsons"
      },
      "version": "6.2.0"
    }
  }
}