{
  "stats": {
    "suites": 1,
    "tests": 1,
    "passes": 1,
    "pending": 0,
    "failures": 0,
    "start": "2025-01-07T09:56:27.793Z",
    "end": "2025-01-07T09:56:39.199Z",
    "duration": 11406,
    "testsRegistered": 1,
    "passPercent": 100,
    "pendingPercent": 0,
    "other": 0,
    "hasOther": false,
    "skipped": 0,
    "hasSkipped": false
  },
  "results": [
    {
      "uuid": "36a6fd7e-6ec4-460c-bc84-75705304d24b",
      "title": "",
      "fullFile": "cypress\\e2e\\activity.cy.js",
      "file": "cypress\\e2e\\activity.cy.js",
      "beforeHooks": [],
      "afterHooks": [],
      "tests": [],
      "suites": [
        {
          "uuid": "ab71cbbc-fb82-4fbd-adc7-46409a0ceb44",
          "title": "report to check activity page",
          "fullFile": "",
          "file": "",
          "beforeHooks": [],
          "afterHooks": [],
          "tests": [
            {
              "title": "should generate report to check activity page",
              "fullTitle": "report to check activity page should generate report to check activity page",
              "timedOut": null,
              "duration": 7837,
              "state": "passed",
              "speed": "medium",
              "pass": true,
              "fail": false,
              "pending": false,
              "context": null,
              "code": "Cypress.on('uncaught:exception', (err, runnable) => {\n  return false;\n});\ncy.visit('http://localhost:3000/');\nconst client = getClientCredentials();\ncy.get('select').select(client.name);\ncy.get('button').contains('Login').click();\ncy.get('input[placeholder=\"User ID\"]').type(client.username);\ncy.get('input[placeholder=\"Password\"]').type(client.password);\ncy.get('button').contains('Secure Login').click();\ncy.wait(2000);\ncy.get('button').contains('Activity').click();\ncy.wait(2000);\ncy.lighthouse(thresholds, lighthouseOptions, lighthouseConfig);",
              "err": {},
              "uuid": "5407632d-ce29-426f-aadf-7994e0cd0106",
              "parentUUID": "ab71cbbc-fb82-4fbd-adc7-46409a0ceb44",
              "isHook": false,
              "skipped": false
            }
          ],
          "suites": [],
          "passes": [
            "5407632d-ce29-426f-aadf-7994e0cd0106"
          ],
          "failures": [],
          "pending": [],
          "skipped": [],
          "duration": 7837,
          "root": false,
          "rootEmpty": false,
          "_timeout": 2000
        }
      ],
      "passes": [],
      "failures": [],
      "pending": [],
      "skipped": [],
      "duration": 0,
      "root": true,
      "rootEmpty": true,
      "_timeout": 2000
    }
  ],
  "meta": {
    "mocha": {
      "version": "7.0.1"
    },
    "mochawesome": {
      "options": {
        "quiet": false,
        "reportFilename": "mochawesome",
        "saveHtml": false,
        "saveJson": true,
        "consoleReporter": "spec",
        "useInlineDiffs": false,
        "code": true
      },
      "version": "7.1.3"
    },
    "marge": {
      "options": {
        "id": "default",
        "cypressParallel": "true",
        "overwrite": false,
        "html": false,
        "json": true,
        "reportDir": "cypress\\reports\\html\\.jsons"
      },
      "version": "6.2.0"
    }
  }
}