{
  "stats": {
    "suites": 2,
    "tests": 2,
    "passes": 2,
    "pending": 0,
    "failures": 0,
    "testsRegistered": 2,
    "passPercent": 100,
    "pendingPercent": 0,
    "other": 0,
    "hasOther": false,
    "skipped": 0,
    "hasSkipped": false,
    "start": "2025-01-07T09:58:24.657Z",
    "end": "2025-01-07T09:58:40.397Z",
    "duration": 15740
  },
  "results": [
    {
      "uuid": "35a91071-f9d6-43ac-aec3-bb76494e1a78",
      "title": "",
      "fullFile": "cypress\\e2e\\vista.cy.js",
      "file": "cypress\\e2e\\vista.cy.js",
      "beforeHooks": [],
      "afterHooks": [],
      "tests": [],
      "suites": [
        {
          "uuid": "6b67cd1d-90a2-4438-b6d7-3cd8413bbf39",
          "title": "report to check vista dashboard",
          "fullFile": "",
          "file": "",
          "beforeHooks": [],
          "afterHooks": [],
          "tests": [
            {
              "title": "should generate report to check vista dashboard",
              "fullTitle": "report to check vista dashboard should generate report to check vista dashboard",
              "timedOut": null,
              "duration": 3392,
              "state": "passed",
              "speed": "fast",
              "pass": true,
              "fail": false,
              "pending": false,
              "context": null,
              "code": "Cypress.on('uncaught:exception', (err, runnable) => {\n  return false;\n});\ncy.visit('http://localhost:3000/');\nconst client = getClientCredentials();\ncy.get('select').select(client.name);\ncy.get('button').contains('Login').click();\ncy.get('input[placeholder=\"User ID\"]').type(client.username);\ncy.get('input[placeholder=\"Password\"]').type(client.password);\ncy.get('button').contains('Secure Login').click();\ncy.wait(2000);\ncy.lighthouse(thresholds, lighthouseOptions, lighthouseConfig); // This should work now",
              "err": {},
              "uuid": "3f931750-0e2c-429c-9856-40b78ba858ab",
              "parentUUID": "6b67cd1d-90a2-4438-b6d7-3cd8413bbf39",
              "isHook": false,
              "skipped": false
            }
          ],
          "suites": [],
          "passes": [
            "3f931750-0e2c-429c-9856-40b78ba858ab"
          ],
          "failures": [],
          "pending": [],
          "skipped": [],
          "duration": 3392,
          "root": false,
          "rootEmpty": false,
          "_timeout": 2000
        }
      ],
      "passes": [],
      "failures": [],
      "pending": [],
      "skipped": [],
      "duration": 0,
      "root": true,
      "rootEmpty": true,
      "_timeout": 2000
    },
    {
      "uuid": "d645e545-33fd-4a65-9adf-fdb0ca912223",
      "title": "",
      "fullFile": "cypress\\e2e\\activity.cy.js",
      "file": "cypress\\e2e\\activity.cy.js",
      "beforeHooks": [],
      "afterHooks": [],
      "tests": [],
      "suites": [
        {
          "uuid": "34e5bdc8-8913-48b7-b5a0-d487fba41b59",
          "title": "report to check activity page",
          "fullFile": "",
          "file": "",
          "beforeHooks": [],
          "afterHooks": [],
          "tests": [
            {
              "title": "should generate report to check activity page",
              "fullTitle": "report to check activity page should generate report to check activity page",
              "timedOut": null,
              "duration": 5672,
              "state": "passed",
              "speed": "medium",
              "pass": true,
              "fail": false,
              "pending": false,
              "context": null,
              "code": "Cypress.on('uncaught:exception', (err, runnable) => {\n  return false;\n});\ncy.visit('http://localhost:3000/');\nconst client = getClientCredentials();\ncy.get('select').select(client.name);\ncy.get('button').contains('Login').click();\ncy.get('input[placeholder=\"User ID\"]').type(client.username);\ncy.get('input[placeholder=\"Password\"]').type(client.password);\ncy.get('button').contains('Secure Login').click();\ncy.wait(2000);\ncy.get('button').contains('Activity').click();\ncy.wait(2000);\ncy.lighthouse(thresholds, lighthouseOptions, lighthouseConfig);",
              "err": {},
              "uuid": "2426f33a-c522-4d01-984e-ab869b860e41",
              "parentUUID": "34e5bdc8-8913-48b7-b5a0-d487fba41b59",
              "isHook": false,
              "skipped": false
            }
          ],
          "suites": [],
          "passes": [
            "2426f33a-c522-4d01-984e-ab869b860e41"
          ],
          "failures": [],
          "pending": [],
          "skipped": [],
          "duration": 5672,
          "root": false,
          "rootEmpty": false,
          "_timeout": 2000
        }
      ],
      "passes": [],
      "failures": [],
      "pending": [],
      "skipped": [],
      "duration": 0,
      "root": true,
      "rootEmpty": true,
      "_timeout": 2000
    }
  ],
  "meta": {
    "mocha": {
      "version": "7.0.1"
    },
    "mochawesome": {
      "options": {
        "quiet": false,
        "reportFilename": "cypress-report-2025-01-07T09-58-17-076Z",
        "saveHtml": false,
        "saveJson": true,
        "consoleReporter": "spec",
        "useInlineDiffs": false,
        "code": true
      },
      "version": "7.1.3"
    },
    "marge": {
      "options": {
        "reportDir": "cypress\\reports\\.jsons",
        "reportFilename": "cypress-report-2025-01-07T09-58-17-076Z",
        "overwrite": false,
        "html": false,
        "json": true
      },
      "version": "6.2.0"
    }
  }
}