{
  "stats": {
    "suites": 1,
    "tests": 1,
    "passes": 1,
    "pending": 0,
    "failures": 0,
    "start": "2024-11-08T05:00:38.153Z",
    "end": "2024-11-08T05:00:47.591Z",
    "duration": 9438,
    "testsRegistered": 1,
    "passPercent": 100,
    "pendingPercent": 0,
    "other": 0,
    "hasOther": false,
    "skipped": 0,
    "hasSkipped": false
  },
  "results": [
    {
      "uuid": "4cb7ca5f-b14b-4357-8483-25edf330371c",
      "title": "",
      "fullFile": "cypress\\e2e\\activity.cy.js",
      "file": "cypress\\e2e\\activity.cy.js",
      "beforeHooks": [],
      "afterHooks": [],
      "tests": [],
      "suites": [
        {
          "uuid": "407d3260-8857-4d3b-bed8-c70ba694178a",
          "title": "report to check activity page",
          "fullFile": "",
          "file": "",
          "beforeHooks": [],
          "afterHooks": [],
          "tests": [
            {
              "title": "should generate report to check activity page",
              "fullTitle": "report to check activity page should generate report to check activity page",
              "timedOut": null,
              "duration": 6257,
              "state": "passed",
              "speed": "medium",
              "pass": true,
              "fail": false,
              "pending": false,
              "context": null,
              "code": "Cypress.on('uncaught:exception', (err, runnable) => {\n  return false;\n});\ncy.visit('http://localhost:3000/');\nconst client = getClientCredentials();\ncy.get('select').select(client.name);\ncy.get('button').contains('Login').click();\ncy.get('input[placeholder=\"User ID\"]').type(client.username);\ncy.get('input[placeholder=\"Password\"]').type(client.password);\ncy.get('button').contains('Secure Login').click();\ncy.wait(2000);\ncy.get('button').contains('Activity').click();\ncy.wait(2000);\n//cy.lighthouse(thresholds, lighthouseOptions, lighthouseConfig);",
              "err": {},
              "uuid": "37a9422f-4456-4c10-94b0-5cfb21e9a421",
              "parentUUID": "407d3260-8857-4d3b-bed8-c70ba694178a",
              "isHook": false,
              "skipped": false
            }
          ],
          "suites": [],
          "passes": [
            "37a9422f-4456-4c10-94b0-5cfb21e9a421"
          ],
          "failures": [],
          "pending": [],
          "skipped": [],
          "duration": 6257,
          "root": false,
          "rootEmpty": false,
          "_timeout": 2000
        }
      ],
      "passes": [],
      "failures": [],
      "pending": [],
      "skipped": [],
      "duration": 0,
      "root": true,
      "rootEmpty": true,
      "_timeout": 2000
    }
  ],
  "meta": {
    "mocha": {
      "version": "7.0.1"
    },
    "mochawesome": {
      "options": {
        "quiet": false,
        "reportFilename": "mochawesome",
        "saveHtml": false,
        "saveJson": true,
        "consoleReporter": "spec",
        "useInlineDiffs": false,
        "code": true
      },
      "version": "7.1.3"
    },
    "marge": {
      "options": {
        "id": "default",
        "reportDir": "cypress/reports/json",
        "overwrite": "false",
        "html": "false",
        "json": "true"
      },
      "version": "6.2.0"
    }
  }
}